<?xml version="1.0" encoding="UTF-8"?>
<!-- Generated by org.testng.reporters.JUnitXMLReporter -->
<testsuite ignored="0" hostname="ManojKumar-FVFH71A4Q05N" failures="0" tests="23" name="BStackDemo-0" time="305.75" errors="0" timestamp="2024-02-15T14:17:13 IST">
  <testcase classname="com.browserstack.BStackDemoTest" name="addProductToCart" time="4.431"/>
  <testcase classname="com.browserstack.BStackDemoTest1" name="addProductToCart" time="4.691"/>
  <testcase classname="com.browserstack.BStackDemoTest2" name="addProductToCart" time="4.185"/>
  <testcase classname="com.browserstack.BStackDemoTest3" name="addProductToCart" time="3.762"/>
  <testcase classname="com.browserstack.BStackDemoTest4" name="addProductToCart" time="3.558"/>
  <testcase classname="com.browserstack.BStackDemoTest5" name="addProductToCart" time="4.287"/>
  <testcase classname="com.browserstack.BStackDemoTest6" name="addProductToCart" time="4.096"/>
  <testcase classname="com.browserstack.BStackDemoTest7" name="addProductToCart" time="3.154"/>
  <testcase classname="com.browserstack.BStackDemoTest8" name="addProductToCart" time="3.668"/>
  <testcase classname="com.browserstack.BStackDemoTest9" name="addProductToCart" time="5.311"/>
  <testcase classname="com.browserstack.BStackDemoTest10" name="addProductToCart" time="3.772"/>
  <testcase classname="com.browserstack.BStackDemoTest11" name="addProductToCart" time="4.9"/>
  <testcase classname="com.browserstack.BStackDemoTest12" name="addProductToCart" time="6.027"/>
  <testcase classname="com.browserstack.BStackDemoTest13" name="addProductToCart" time="5.653"/>
  <testcase classname="com.browserstack.BStackDemoTest14" name="addProductToCart" time="4.594"/>
  <testcase classname="com.browserstack.BStackDemoTest15" name="addProductToCart" time="5.161"/>
  <testcase classname="com.browserstack.BStackDemoTest16" name="addProductToCart" time="4.543"/>
  <testcase classname="com.browserstack.BStackDemoTest17" name="addProductToCart" time="4.077"/>
  <testcase classname="com.browserstack.BStackDemoTest18" name="addProductToCart" time="6.934"/>
  <testcase classname="com.browserstack.BStackDemoTest19" name="addProductToCart" time="11.354"/>
  <testcase classname="com.browserstack.BStackDemoTest20" name="addProductToCart" time="4.23"/>
  <testcase classname="com.browserstack.BStackDemoTest21" name="addProductToCart" time="3.829"/>
  <testcase classname="com.browserstack.BStackDemoTest22" name="addProductToCart" time="3.572"/>
</testsuite> <!-- BStackDemo-0 -->
