<?xml version="1.0" encoding="UTF-8"?>
<testng-results ignored="0" total="23" passed="23" failed="0" skipped="0">
  <reporter-output>
  </reporter-output>
  <suite started-at="2024-02-15T14:12:08 IST" name="Cross-Platform" finished-at="2024-02-15T14:17:13 IST" duration-ms="305750">
    <groups>
    </groups>
    <test started-at="2024-02-15T14:12:08 IST" name="BStackDemo-0" finished-at="2024-02-15T14:17:13 IST" duration-ms="305750">
      <class name="com.browserstack.BStackDemoTest10">
        <test-method is-config="true" signature="setUp()[pri:0, instance:com.browserstack.BStackDemoTest10@4ced35ed]" started-at="2024-02-15T14:13:51 IST" name="setUp" finished-at="2024-02-15T14:14:08 IST" duration-ms="17219" status="PASS">
          <reporter-output>
          </reporter-output>
        </test-method> <!-- setUp -->
        <test-method signature="addProductToCart()[pri:0, instance:com.browserstack.BStackDemoTest10@4ced35ed]" started-at="2024-02-15T14:14:08 IST" name="addProductToCart" finished-at="2024-02-15T14:14:12 IST" duration-ms="3772" status="PASS">
          <reporter-output>
          </reporter-output>
        </test-method> <!-- addProductToCart -->
        <test-method is-config="true" signature="tearDown()[pri:0, instance:com.browserstack.BStackDemoTest10@4ced35ed]" started-at="2024-02-15T14:14:12 IST" name="tearDown" finished-at="2024-02-15T14:14:14 IST" duration-ms="2194" status="PASS">
          <reporter-output>
          </reporter-output>
        </test-method> <!-- tearDown -->
      </class> <!-- com.browserstack.BStackDemoTest10 -->
      <class name="com.browserstack.BStackDemoTest21">
        <test-method is-config="true" signature="setUp()[pri:0, instance:com.browserstack.BStackDemoTest21@5a2f016d]" started-at="2024-02-15T14:16:41 IST" name="setUp" finished-at="2024-02-15T14:16:57 IST" duration-ms="15805" status="PASS">
          <reporter-output>
          </reporter-output>
        </test-method> <!-- setUp -->
        <test-method signature="addProductToCart()[pri:0, instance:com.browserstack.BStackDemoTest21@5a2f016d]" started-at="2024-02-15T14:16:57 IST" name="addProductToCart" finished-at="2024-02-15T14:17:01 IST" duration-ms="3829" status="PASS">
          <reporter-output>
          </reporter-output>
        </test-method> <!-- addProductToCart -->
        <test-method is-config="true" signature="tearDown()[pri:0, instance:com.browserstack.BStackDemoTest21@5a2f016d]" started-at="2024-02-15T14:17:01 IST" name="tearDown" finished-at="2024-02-15T14:17:03 IST" duration-ms="2099" status="PASS">
          <reporter-output>
          </reporter-output>
        </test-method> <!-- tearDown -->
      </class> <!-- com.browserstack.BStackDemoTest21 -->
      <class name="com.browserstack.BStackDemoTest20">
        <test-method is-config="true" signature="setUp()[pri:0, instance:com.browserstack.BStackDemoTest20@18e8473e]" started-at="2024-02-15T14:16:23 IST" name="setUp" finished-at="2024-02-15T14:16:46 IST" duration-ms="22601" status="PASS">
          <reporter-output>
          </reporter-output>
        </test-method> <!-- setUp -->
        <test-method signature="addProductToCart()[pri:0, instance:com.browserstack.BStackDemoTest20@18e8473e]" started-at="2024-02-15T14:16:46 IST" name="addProductToCart" finished-at="2024-02-15T14:16:50 IST" duration-ms="4230" status="PASS">
          <reporter-output>
          </reporter-output>
        </test-method> <!-- addProductToCart -->
        <test-method is-config="true" signature="tearDown()[pri:0, instance:com.browserstack.BStackDemoTest20@18e8473e]" started-at="2024-02-15T14:16:50 IST" name="tearDown" finished-at="2024-02-15T14:16:52 IST" duration-ms="2251" status="PASS">
          <reporter-output>
          </reporter-output>
        </test-method> <!-- tearDown -->
      </class> <!-- com.browserstack.BStackDemoTest20 -->
      <class name="com.browserstack.BStackDemoTest">
        <test-method is-config="true" signature="setUp()[pri:0, instance:com.browserstack.BStackDemoTest@320e400]" started-at="2024-02-15T14:12:08 IST" name="setUp" finished-at="2024-02-15T14:12:13 IST" duration-ms="5467" status="PASS">
          <reporter-output>
          </reporter-output>
        </test-method> <!-- setUp -->
        <test-method signature="addProductToCart()[pri:0, instance:com.browserstack.BStackDemoTest@320e400]" started-at="2024-02-15T14:12:13 IST" name="addProductToCart" finished-at="2024-02-15T14:12:18 IST" duration-ms="4431" status="PASS">
          <reporter-output>
          </reporter-output>
        </test-method> <!-- addProductToCart -->
        <test-method is-config="true" signature="tearDown()[pri:0, instance:com.browserstack.BStackDemoTest@320e400]" started-at="2024-02-15T14:12:18 IST" name="tearDown" finished-at="2024-02-15T14:12:21 IST" duration-ms="3482" status="PASS">
          <reporter-output>
          </reporter-output>
        </test-method> <!-- tearDown -->
      </class> <!-- com.browserstack.BStackDemoTest -->
      <class name="com.browserstack.BStackDemoTest12">
        <test-method is-config="true" signature="setUp()[pri:0, instance:com.browserstack.BStackDemoTest12@7bd69e82]" started-at="2024-02-15T14:14:14 IST" name="setUp" finished-at="2024-02-15T14:14:58 IST" duration-ms="43360" status="PASS">
          <reporter-output>
          </reporter-output>
        </test-method> <!-- setUp -->
        <test-method signature="addProductToCart()[pri:0, instance:com.browserstack.BStackDemoTest12@7bd69e82]" started-at="2024-02-15T14:14:58 IST" name="addProductToCart" finished-at="2024-02-15T14:15:04 IST" duration-ms="6027" status="PASS">
          <reporter-output>
          </reporter-output>
        </test-method> <!-- addProductToCart -->
        <test-method is-config="true" signature="tearDown()[pri:0, instance:com.browserstack.BStackDemoTest12@7bd69e82]" started-at="2024-02-15T14:15:04 IST" name="tearDown" finished-at="2024-02-15T14:15:06 IST" duration-ms="2209" status="PASS">
          <reporter-output>
          </reporter-output>
        </test-method> <!-- tearDown -->
      </class> <!-- com.browserstack.BStackDemoTest12 -->
      <class name="com.browserstack.BStackDemoTest11">
        <test-method is-config="true" signature="setUp()[pri:0, instance:com.browserstack.BStackDemoTest11@2c22a348]" started-at="2024-02-15T14:14:04 IST" name="setUp" finished-at="2024-02-15T14:14:19 IST" duration-ms="15374" status="PASS">
          <reporter-output>
          </reporter-output>
        </test-method> <!-- setUp -->
        <test-method signature="addProductToCart()[pri:0, instance:com.browserstack.BStackDemoTest11@2c22a348]" started-at="2024-02-15T14:14:19 IST" name="addProductToCart" finished-at="2024-02-15T14:14:24 IST" duration-ms="4900" status="PASS">
          <reporter-output>
          </reporter-output>
        </test-method> <!-- addProductToCart -->
        <test-method is-config="true" signature="tearDown()[pri:0, instance:com.browserstack.BStackDemoTest11@2c22a348]" started-at="2024-02-15T14:14:24 IST" name="tearDown" finished-at="2024-02-15T14:14:27 IST" duration-ms="2413" status="PASS">
          <reporter-output>
          </reporter-output>
        </test-method> <!-- tearDown -->
      </class> <!-- com.browserstack.BStackDemoTest11 -->
      <class name="com.browserstack.BStackDemoTest22">
        <test-method is-config="true" signature="setUp()[pri:0, instance:com.browserstack.BStackDemoTest22@1a38ba58]" started-at="2024-02-15T14:16:52 IST" name="setUp" finished-at="2024-02-15T14:17:07 IST" duration-ms="14962" status="PASS">
          <reporter-output>
          </reporter-output>
        </test-method> <!-- setUp -->
        <test-method signature="addProductToCart()[pri:0, instance:com.browserstack.BStackDemoTest22@1a38ba58]" started-at="2024-02-15T14:17:07 IST" name="addProductToCart" finished-at="2024-02-15T14:17:11 IST" duration-ms="3572" status="PASS">
          <reporter-output>
          </reporter-output>
        </test-method> <!-- addProductToCart -->
        <test-method is-config="true" signature="tearDown()[pri:0, instance:com.browserstack.BStackDemoTest22@1a38ba58]" started-at="2024-02-15T14:17:11 IST" name="tearDown" finished-at="2024-02-15T14:17:13 IST" duration-ms="2249" status="PASS">
          <reporter-output>
          </reporter-output>
        </test-method> <!-- tearDown -->
      </class> <!-- com.browserstack.BStackDemoTest22 -->
      <class name="com.browserstack.BStackDemoTest14">
        <test-method is-config="true" signature="setUp()[pri:0, instance:com.browserstack.BStackDemoTest14@51b01960]" started-at="2024-02-15T14:15:06 IST" name="setUp" finished-at="2024-02-15T14:15:25 IST" duration-ms="18953" status="PASS">
          <reporter-output>
          </reporter-output>
        </test-method> <!-- setUp -->
        <test-method signature="addProductToCart()[pri:0, instance:com.browserstack.BStackDemoTest14@51b01960]" started-at="2024-02-15T14:15:25 IST" name="addProductToCart" finished-at="2024-02-15T14:15:30 IST" duration-ms="4594" status="PASS">
          <reporter-output>
          </reporter-output>
        </test-method> <!-- addProductToCart -->
        <test-method is-config="true" signature="tearDown()[pri:0, instance:com.browserstack.BStackDemoTest14@51b01960]" started-at="2024-02-15T14:15:30 IST" name="tearDown" finished-at="2024-02-15T14:15:32 IST" duration-ms="2249" status="PASS">
          <reporter-output>
          </reporter-output>
        </test-method> <!-- tearDown -->
      </class> <!-- com.browserstack.BStackDemoTest14 -->
      <class name="com.browserstack.BStackDemoTest13">
        <test-method is-config="true" signature="setUp()[pri:0, instance:com.browserstack.BStackDemoTest13@74d7184a]" started-at="2024-02-15T14:14:27 IST" name="setUp" finished-at="2024-02-15T14:15:11 IST" duration-ms="44132" status="PASS">
          <reporter-output>
          </reporter-output>
        </test-method> <!-- setUp -->
        <test-method signature="addProductToCart()[pri:0, instance:com.browserstack.BStackDemoTest13@74d7184a]" started-at="2024-02-15T14:15:11 IST" name="addProductToCart" finished-at="2024-02-15T14:15:17 IST" duration-ms="5653" status="PASS">
          <reporter-output>
          </reporter-output>
        </test-method> <!-- addProductToCart -->
        <test-method is-config="true" signature="tearDown()[pri:0, instance:com.browserstack.BStackDemoTest13@74d7184a]" started-at="2024-02-15T14:15:17 IST" name="tearDown" finished-at="2024-02-15T14:15:19 IST" duration-ms="2457" status="PASS">
          <reporter-output>
          </reporter-output>
        </test-method> <!-- tearDown -->
      </class> <!-- com.browserstack.BStackDemoTest13 -->
      <class name="com.browserstack.BStackDemoTest16">
        <test-method is-config="true" signature="setUp()[pri:0, instance:com.browserstack.BStackDemoTest16@27dc79f7]" started-at="2024-02-15T14:15:32 IST" name="setUp" finished-at="2024-02-15T14:15:49 IST" duration-ms="16810" status="PASS">
          <reporter-output>
          </reporter-output>
        </test-method> <!-- setUp -->
        <test-method signature="addProductToCart()[pri:0, instance:com.browserstack.BStackDemoTest16@27dc79f7]" started-at="2024-02-15T14:15:49 IST" name="addProductToCart" finished-at="2024-02-15T14:15:53 IST" duration-ms="4543" status="PASS">
          <reporter-output>
          </reporter-output>
        </test-method> <!-- addProductToCart -->
        <test-method is-config="true" signature="tearDown()[pri:0, instance:com.browserstack.BStackDemoTest16@27dc79f7]" started-at="2024-02-15T14:15:53 IST" name="tearDown" finished-at="2024-02-15T14:15:56 IST" duration-ms="2151" status="PASS">
          <reporter-output>
          </reporter-output>
        </test-method> <!-- tearDown -->
      </class> <!-- com.browserstack.BStackDemoTest16 -->
      <class name="com.browserstack.BStackDemoTest15">
        <test-method is-config="true" signature="setUp()[pri:0, instance:com.browserstack.BStackDemoTest15@6831d8fd]" started-at="2024-02-15T14:15:19 IST" name="setUp" finished-at="2024-02-15T14:15:36 IST" duration-ms="17112" status="PASS">
          <reporter-output>
          </reporter-output>
        </test-method> <!-- setUp -->
        <test-method signature="addProductToCart()[pri:0, instance:com.browserstack.BStackDemoTest15@6831d8fd]" started-at="2024-02-15T14:15:36 IST" name="addProductToCart" finished-at="2024-02-15T14:15:41 IST" duration-ms="5161" status="PASS">
          <reporter-output>
          </reporter-output>
        </test-method> <!-- addProductToCart -->
        <test-method is-config="true" signature="tearDown()[pri:0, instance:com.browserstack.BStackDemoTest15@6831d8fd]" started-at="2024-02-15T14:15:42 IST" name="tearDown" finished-at="2024-02-15T14:15:45 IST" duration-ms="3173" status="PASS">
          <reporter-output>
          </reporter-output>
        </test-method> <!-- tearDown -->
      </class> <!-- com.browserstack.BStackDemoTest15 -->
      <class name="com.browserstack.BStackDemoTest18">
        <test-method is-config="true" signature="setUp()[pri:0, instance:com.browserstack.BStackDemoTest18@3aaf4f07]" started-at="2024-02-15T14:15:56 IST" name="setUp" finished-at="2024-02-15T14:16:14 IST" duration-ms="18463" status="PASS">
          <reporter-output>
          </reporter-output>
        </test-method> <!-- setUp -->
        <test-method signature="addProductToCart()[pri:0, instance:com.browserstack.BStackDemoTest18@3aaf4f07]" started-at="2024-02-15T14:16:14 IST" name="addProductToCart" finished-at="2024-02-15T14:16:21 IST" duration-ms="6934" status="PASS">
          <reporter-output>
          </reporter-output>
        </test-method> <!-- addProductToCart -->
        <test-method is-config="true" signature="tearDown()[pri:0, instance:com.browserstack.BStackDemoTest18@3aaf4f07]" started-at="2024-02-15T14:16:21 IST" name="tearDown" finished-at="2024-02-15T14:16:23 IST" duration-ms="2252" status="PASS">
          <reporter-output>
          </reporter-output>
        </test-method> <!-- tearDown -->
      </class> <!-- com.browserstack.BStackDemoTest18 -->
      <class name="com.browserstack.BStackDemoTest17">
        <test-method is-config="true" signature="setUp()[pri:0, instance:com.browserstack.BStackDemoTest17@6b85300e]" started-at="2024-02-15T14:15:45 IST" name="setUp" finished-at="2024-02-15T14:16:00 IST" duration-ms="15377" status="PASS">
          <reporter-output>
          </reporter-output>
        </test-method> <!-- setUp -->
        <test-method signature="addProductToCart()[pri:0, instance:com.browserstack.BStackDemoTest17@6b85300e]" started-at="2024-02-15T14:16:00 IST" name="addProductToCart" finished-at="2024-02-15T14:16:04 IST" duration-ms="4077" status="PASS">
          <reporter-output>
          </reporter-output>
        </test-method> <!-- addProductToCart -->
        <test-method is-config="true" signature="tearDown()[pri:0, instance:com.browserstack.BStackDemoTest17@6b85300e]" started-at="2024-02-15T14:16:04 IST" name="tearDown" finished-at="2024-02-15T14:16:06 IST" duration-ms="2151" status="PASS">
          <reporter-output>
          </reporter-output>
        </test-method> <!-- tearDown -->
      </class> <!-- com.browserstack.BStackDemoTest17 -->
      <class name="com.browserstack.BStackDemoTest1">
        <test-method is-config="true" signature="setUp()[pri:0, instance:com.browserstack.BStackDemoTest1@3c321bdb]" started-at="2024-02-15T14:12:08 IST" name="setUp" finished-at="2024-02-15T14:12:25 IST" duration-ms="17702" status="PASS">
          <reporter-output>
          </reporter-output>
        </test-method> <!-- setUp -->
        <test-method signature="addProductToCart()[pri:0, instance:com.browserstack.BStackDemoTest1@3c321bdb]" started-at="2024-02-15T14:12:25 IST" name="addProductToCart" finished-at="2024-02-15T14:12:30 IST" duration-ms="4691" status="PASS">
          <reporter-output>
          </reporter-output>
        </test-method> <!-- addProductToCart -->
        <test-method is-config="true" signature="tearDown()[pri:0, instance:com.browserstack.BStackDemoTest1@3c321bdb]" started-at="2024-02-15T14:12:30 IST" name="tearDown" finished-at="2024-02-15T14:12:33 IST" duration-ms="3248" status="PASS">
          <reporter-output>
          </reporter-output>
        </test-method> <!-- tearDown -->
      </class> <!-- com.browserstack.BStackDemoTest1 -->
      <class name="com.browserstack.BStackDemoTest19">
        <test-method is-config="true" signature="setUp()[pri:0, instance:com.browserstack.BStackDemoTest19@5cbf9e9f]" started-at="2024-02-15T14:16:06 IST" name="setUp" finished-at="2024-02-15T14:16:28 IST" duration-ms="21311" status="PASS">
          <reporter-output>
          </reporter-output>
        </test-method> <!-- setUp -->
        <test-method signature="addProductToCart()[pri:0, instance:com.browserstack.BStackDemoTest19@5cbf9e9f]" started-at="2024-02-15T14:16:28 IST" name="addProductToCart" finished-at="2024-02-15T14:16:39 IST" duration-ms="11354" status="PASS">
          <reporter-output>
          </reporter-output>
        </test-method> <!-- addProductToCart -->
        <test-method is-config="true" signature="tearDown()[pri:0, instance:com.browserstack.BStackDemoTest19@5cbf9e9f]" started-at="2024-02-15T14:16:39 IST" name="tearDown" finished-at="2024-02-15T14:16:41 IST" duration-ms="2331" status="PASS">
          <reporter-output>
          </reporter-output>
        </test-method> <!-- tearDown -->
      </class> <!-- com.browserstack.BStackDemoTest19 -->
      <class name="com.browserstack.BStackDemoTest3">
        <test-method is-config="true" signature="setUp()[pri:0, instance:com.browserstack.BStackDemoTest3@3abd581e]" started-at="2024-02-15T14:12:33 IST" name="setUp" finished-at="2024-02-15T14:12:50 IST" duration-ms="16580" status="PASS">
          <reporter-output>
          </reporter-output>
        </test-method> <!-- setUp -->
        <test-method signature="addProductToCart()[pri:0, instance:com.browserstack.BStackDemoTest3@3abd581e]" started-at="2024-02-15T14:12:50 IST" name="addProductToCart" finished-at="2024-02-15T14:12:54 IST" duration-ms="3762" status="PASS">
          <reporter-output>
          </reporter-output>
        </test-method> <!-- addProductToCart -->
        <test-method is-config="true" signature="tearDown()[pri:0, instance:com.browserstack.BStackDemoTest3@3abd581e]" started-at="2024-02-15T14:12:54 IST" name="tearDown" finished-at="2024-02-15T14:12:56 IST" duration-ms="2252" status="PASS">
          <reporter-output>
          </reporter-output>
        </test-method> <!-- tearDown -->
      </class> <!-- com.browserstack.BStackDemoTest3 -->
      <class name="com.browserstack.BStackDemoTest2">
        <test-method is-config="true" signature="setUp()[pri:0, instance:com.browserstack.BStackDemoTest2@24855019]" started-at="2024-02-15T14:12:21 IST" name="setUp" finished-at="2024-02-15T14:12:37 IST" duration-ms="15478" status="PASS">
          <reporter-output>
          </reporter-output>
        </test-method> <!-- setUp -->
        <test-method signature="addProductToCart()[pri:0, instance:com.browserstack.BStackDemoTest2@24855019]" started-at="2024-02-15T14:12:37 IST" name="addProductToCart" finished-at="2024-02-15T14:12:41 IST" duration-ms="4185" status="PASS">
          <reporter-output>
          </reporter-output>
        </test-method> <!-- addProductToCart -->
        <test-method is-config="true" signature="tearDown()[pri:0, instance:com.browserstack.BStackDemoTest2@24855019]" started-at="2024-02-15T14:12:41 IST" name="tearDown" finished-at="2024-02-15T14:12:43 IST" duration-ms="2047" status="PASS">
          <reporter-output>
          </reporter-output>
        </test-method> <!-- tearDown -->
      </class> <!-- com.browserstack.BStackDemoTest2 -->
      <class name="com.browserstack.BStackDemoTest5">
        <test-method is-config="true" signature="setUp()[pri:0, instance:com.browserstack.BStackDemoTest5@610db97e]" started-at="2024-02-15T14:12:56 IST" name="setUp" finished-at="2024-02-15T14:13:12 IST" duration-ms="15681" status="PASS">
          <reporter-output>
          </reporter-output>
        </test-method> <!-- setUp -->
        <test-method signature="addProductToCart()[pri:0, instance:com.browserstack.BStackDemoTest5@610db97e]" started-at="2024-02-15T14:13:12 IST" name="addProductToCart" finished-at="2024-02-15T14:13:16 IST" duration-ms="4287" status="PASS">
          <reporter-output>
          </reporter-output>
        </test-method> <!-- addProductToCart -->
        <test-method is-config="true" signature="tearDown()[pri:0, instance:com.browserstack.BStackDemoTest5@610db97e]" started-at="2024-02-15T14:13:16 IST" name="tearDown" finished-at="2024-02-15T14:13:18 IST" duration-ms="2226" status="PASS">
          <reporter-output>
          </reporter-output>
        </test-method> <!-- tearDown -->
      </class> <!-- com.browserstack.BStackDemoTest5 -->
      <class name="com.browserstack.BStackDemoTest4">
        <test-method is-config="true" signature="setUp()[pri:0, instance:com.browserstack.BStackDemoTest4@4d4d8fcf]" started-at="2024-02-15T14:12:43 IST" name="setUp" finished-at="2024-02-15T14:13:00 IST" duration-ms="17330" status="PASS">
          <reporter-output>
          </reporter-output>
        </test-method> <!-- setUp -->
        <test-method signature="addProductToCart()[pri:0, instance:com.browserstack.BStackDemoTest4@4d4d8fcf]" started-at="2024-02-15T14:13:00 IST" name="addProductToCart" finished-at="2024-02-15T14:13:04 IST" duration-ms="3558" status="PASS">
          <reporter-output>
          </reporter-output>
        </test-method> <!-- addProductToCart -->
        <test-method is-config="true" signature="tearDown()[pri:0, instance:com.browserstack.BStackDemoTest4@4d4d8fcf]" started-at="2024-02-15T14:13:04 IST" name="tearDown" finished-at="2024-02-15T14:13:07 IST" duration-ms="3163" status="PASS">
          <reporter-output>
          </reporter-output>
        </test-method> <!-- tearDown -->
      </class> <!-- com.browserstack.BStackDemoTest4 -->
      <class name="com.browserstack.BStackDemoTest7">
        <test-method is-config="true" signature="setUp()[pri:0, instance:com.browserstack.BStackDemoTest7@3fabf088]" started-at="2024-02-15T14:13:18 IST" name="setUp" finished-at="2024-02-15T14:13:34 IST" duration-ms="16173" status="PASS">
          <reporter-output>
          </reporter-output>
        </test-method> <!-- setUp -->
        <test-method signature="addProductToCart()[pri:0, instance:com.browserstack.BStackDemoTest7@3fabf088]" started-at="2024-02-15T14:13:34 IST" name="addProductToCart" finished-at="2024-02-15T14:13:37 IST" duration-ms="3154" status="PASS">
          <reporter-output>
          </reporter-output>
        </test-method> <!-- addProductToCart -->
        <test-method is-config="true" signature="tearDown()[pri:0, instance:com.browserstack.BStackDemoTest7@3fabf088]" started-at="2024-02-15T14:13:38 IST" name="tearDown" finished-at="2024-02-15T14:13:41 IST" duration-ms="2971" status="PASS">
          <reporter-output>
          </reporter-output>
        </test-method> <!-- tearDown -->
      </class> <!-- com.browserstack.BStackDemoTest7 -->
      <class name="com.browserstack.BStackDemoTest6">
        <test-method is-config="true" signature="setUp()[pri:0, instance:com.browserstack.BStackDemoTest6@6f0628de]" started-at="2024-02-15T14:13:07 IST" name="setUp" finished-at="2024-02-15T14:13:24 IST" duration-ms="16570" status="PASS">
          <reporter-output>
          </reporter-output>
        </test-method> <!-- setUp -->
        <test-method signature="addProductToCart()[pri:0, instance:com.browserstack.BStackDemoTest6@6f0628de]" started-at="2024-02-15T14:13:24 IST" name="addProductToCart" finished-at="2024-02-15T14:13:28 IST" duration-ms="4096" status="PASS">
          <reporter-output>
          </reporter-output>
        </test-method> <!-- addProductToCart -->
        <test-method is-config="true" signature="tearDown()[pri:0, instance:com.browserstack.BStackDemoTest6@6f0628de]" started-at="2024-02-15T14:13:28 IST" name="tearDown" finished-at="2024-02-15T14:13:30 IST" duration-ms="2234" status="PASS">
          <reporter-output>
          </reporter-output>
        </test-method> <!-- tearDown -->
      </class> <!-- com.browserstack.BStackDemoTest6 -->
      <class name="com.browserstack.BStackDemoTest9">
        <test-method is-config="true" signature="setUp()[pri:0, instance:com.browserstack.BStackDemoTest9@12f3afb5]" started-at="2024-02-15T14:13:41 IST" name="setUp" finished-at="2024-02-15T14:13:56 IST" duration-ms="15166" status="PASS">
          <reporter-output>
          </reporter-output>
        </test-method> <!-- setUp -->
        <test-method signature="addProductToCart()[pri:0, instance:com.browserstack.BStackDemoTest9@12f3afb5]" started-at="2024-02-15T14:13:56 IST" name="addProductToCart" finished-at="2024-02-15T14:14:01 IST" duration-ms="5311" status="PASS">
          <reporter-output>
          </reporter-output>
        </test-method> <!-- addProductToCart -->
        <test-method is-config="true" signature="tearDown()[pri:0, instance:com.browserstack.BStackDemoTest9@12f3afb5]" started-at="2024-02-15T14:14:01 IST" name="tearDown" finished-at="2024-02-15T14:14:04 IST" duration-ms="2971" status="PASS">
          <reporter-output>
          </reporter-output>
        </test-method> <!-- tearDown -->
      </class> <!-- com.browserstack.BStackDemoTest9 -->
      <class name="com.browserstack.BStackDemoTest8">
        <test-method is-config="true" signature="setUp()[pri:0, instance:com.browserstack.BStackDemoTest8@1e392345]" started-at="2024-02-15T14:13:30 IST" name="setUp" finished-at="2024-02-15T14:13:45 IST" duration-ms="14884" status="PASS">
          <reporter-output>
          </reporter-output>
        </test-method> <!-- setUp -->
        <test-method signature="addProductToCart()[pri:0, instance:com.browserstack.BStackDemoTest8@1e392345]" started-at="2024-02-15T14:13:45 IST" name="addProductToCart" finished-at="2024-02-15T14:13:49 IST" duration-ms="3668" status="PASS">
          <reporter-output>
          </reporter-output>
        </test-method> <!-- addProductToCart -->
        <test-method is-config="true" signature="tearDown()[pri:0, instance:com.browserstack.BStackDemoTest8@1e392345]" started-at="2024-02-15T14:13:49 IST" name="tearDown" finished-at="2024-02-15T14:13:51 IST" duration-ms="2556" status="PASS">
          <reporter-output>
          </reporter-output>
        </test-method> <!-- tearDown -->
      </class> <!-- com.browserstack.BStackDemoTest8 -->
    </test> <!-- BStackDemo-0 -->
  </suite> <!-- Cross-Platform -->
</testng-results>
