<?xml version="1.0" encoding="UTF-8"?>
<testsuite xmlns:xsi="http://www.w3.org/2001/XMLSchema-instance" xsi:schemaLocation="https://maven.apache.org/surefire/maven-surefire-plugin/xsd/surefire-test-report.xsd" name="TestSuite" time="305.932" tests="23" errors="0" skipped="0" failures="0">
  <properties>
[...]
</properties>
  <testcase name="addProductToCart" classname="com.browserstack.BStackDemoTest" time="4.535"/>
  <testcase name="addProductToCart" classname="com.browserstack.BStackDemoTest1" time="4.719"/>
  <testcase name="addProductToCart" classname="com.browserstack.BStackDemoTest2" time="4.284"/>
  <testcase name="addProductToCart" classname="com.browserstack.BStackDemoTest3" time="3.8"/>
  <testcase name="addProductToCart" classname="com.browserstack.BStackDemoTest4" time="3.589"/>
  <testcase name="addProductToCart" classname="com.browserstack.BStackDemoTest5" time="4.339"/>
  <testcase name="addProductToCart" classname="com.browserstack.BStackDemoTest6" time="4.199"/>
  <testcase name="addProductToCart" classname="com.browserstack.BStackDemoTest7" time="3.257"/>
  <testcase name="addProductToCart" classname="com.browserstack.BStackDemoTest8" time="3.773"/>
  <testcase name="addProductToCart" classname="com.browserstack.BStackDemoTest9" time="5.413"/>
  <testcase name="addProductToCart" classname="com.browserstack.BStackDemoTest10" time="3.802"/>
  <testcase name="addProductToCart" classname="com.browserstack.BStackDemoTest11" time="4.926"/>
  <testcase name="addProductToCart" classname="com.browserstack.BStackDemoTest12" time="6.074"/>
  <testcase name="addProductToCart" classname="com.browserstack.BStackDemoTest13" time="5.755"/>
  <testcase name="addProductToCart" classname="com.browserstack.BStackDemoTest14" time="4.701"/>
  <testcase name="addProductToCart" classname="com.browserstack.BStackDemoTest15" time="5.21"/>
  <testcase name="addProductToCart" classname="com.browserstack.BStackDemoTest16" time="4.59"/>
  <testcase name="addProductToCart" classname="com.browserstack.BStackDemoTest17" time="4.182"/>
  <testcase name="addProductToCart" classname="com.browserstack.BStackDemoTest18" time="7.034"/>
  <testcase name="addProductToCart" classname="com.browserstack.BStackDemoTest19" time="11.385"/>
  <testcase name="addProductToCart" classname="com.browserstack.BStackDemoTest20" time="4.337"/>
  <testcase name="addProductToCart" classname="com.browserstack.BStackDemoTest21" time="3.951"/>
  <testcase name="addProductToCart" classname="com.browserstack.BStackDemoTest22" time="3.677"/>
</testsuite>